<?xml version="1.0" encoding="UTF-8"?>
<testsuite xmlns:xsi="http://www.w3.org/2001/XMLSchema-instance" xsi:noNamespaceSchemaLocation="https://maven.apache.org/surefire/maven-surefire-plugin/xsd/surefire-test-report.xsd" version="3.0.2" name="com.gl.springboot.SpringBootDemo1ApplicationTests" time="7.105" tests="1" errors="0" skipped="0" failures="0">
  <properties>
[...]
</properties>
  <testcase name="contextLoads" classname="com.gl.springboot.SpringBootDemo1ApplicationTests" time="1.924">
    <system-out><![CDATA[19:21:32.315 [main] INFO org.springframework.test.context.support.AnnotationConfigContextLoaderUtils -- Could not detect default configuration classes for test class [com.gl.springboot.SpringBootDemo1ApplicationTests]: SpringBootDemo1ApplicationTests does not declare any static, non-private, non-final, nested classes annotated with @Configuration.
19:21:32.665 [main] INFO org.springframework.boot.test.context.SpringBootTestContextBootstrapper -- Found @SpringBootConfiguration com.gl.springboot.SpringBootDemo1Application for test class com.gl.springboot.SpringBootDemo1ApplicationTests
19:21:33.118 [main] INFO org.springframework.boot.devtools.restart.RestartApplicationListener -- Restart disabled due to context in which it is running

  .   ____          _            __ _ _
 /\\ / ___'_ __ _ _(_)_ __  __ _ \ \ \ \
( ( )\___ | '_ | '_| | '_ \/ _` | \ \ \ \
 \\/  ___)| |_)| | | | | || (_| |  ) ) ) )
  '  |____| .__|_| |_|_| |_\__, | / / / /
 =========|_|==============|___/=/_/_/_/

 :: Spring Boot ::                (v3.5.5)

2025-09-06T19:21:33.865+05:30  INFO 15660 --- [Spring Boot Demo 1] [           main] c.g.s.SpringBootDemo1ApplicationTests    : Starting SpringBootDemo1ApplicationTests using Java 18.0.1 with PID 15660 (started by kingp in C:\Users\kingp\Downloads\springboot)
2025-09-06T19:21:33.868+05:30  INFO 15660 --- [Spring Boot Demo 1] [           main] c.g.s.SpringBootDemo1ApplicationTests    : No active profile set, falling back to 1 default profile: "default"
2025-09-06T19:21:36.728+05:30  INFO 15660 --- [Spring Boot Demo 1] [           main] c.g.s.SpringBootDemo1ApplicationTests    : Started SpringBootDemo1ApplicationTests in 3.64 seconds (process running for 6.964)
Student name : s1
]]></system-out>
  </testcase>
</testsuite>